<?xml version="1.0" encoding="UTF-8"?>
<!-- Generated by org.testng.reporters.JUnitReportReporter -->
<testsuite skipped="0" hostname="OVIII_OMIII" name="stepDefinition.RunnerTest" tests="1" failures="0" timestamp="01 Mar 2021 12:42:25 GMT" time="0.252" errors="0">
  <testcase name="runScenario" time="0.252" classname="stepDefinition.RunnerTest"/>
</testsuite> <!-- stepDefinition.RunnerTest -->
